<?xml version="1.0" encoding="UTF-8"?>
<testsuite xmlns:xsi="http://www.w3.org/2001/XMLSchema-instance" xsi:noNamespaceSchemaLocation="https://maven.apache.org/surefire/maven-surefire-plugin/xsd/surefire-test-report-3.0.xsd" version="3.0" name="guru.springframework.sfgjms.SfgJmsApplicationTests" time="5.894" tests="1" errors="0" skipped="0" failures="0">
  <properties>
[...]
</properties>
  <testcase name="contextLoads" classname="guru.springframework.sfgjms.SfgJmsApplicationTests" time="1.344">
    <system-out><![CDATA[Standard Commons Logging discovery in action with spring-jcl: please remove commons-logging.jar from classpath in order to avoid potential conflicts
16:19:42.793 [main] INFO org.springframework.test.context.support.AnnotationConfigContextLoaderUtils -- Could not detect default configuration classes for test class [guru.springframework.sfgjms.SfgJmsApplicationTests]: SfgJmsApplicationTests does not declare any static, non-private, non-final, nested classes annotated with @Configuration.
16:19:42.948 [main] INFO org.springframework.boot.test.context.SpringBootTestContextBootstrapper -- Found @SpringBootConfiguration guru.springframework.sfgjms.SfgJmsApplication for test class guru.springframework.sfgjms.SfgJmsApplicationTests
16:19:43.290 [main] INFO org.springframework.boot.devtools.restart.RestartApplicationListener -- Restart disabled due to context in which it is running

  .   ____          _            __ _ _
 /\\ / ___'_ __ _ _(_)_ __  __ _ \ \ \ \
( ( )\___ | '_ | '_| | '_ \/ _` | \ \ \ \
 \\/  ___)| |_)| | | | | || (_| |  ) ) ) )
  '  |____| .__|_| |_|_| |_\__, | / / / /
 =========|_|==============|___/=/_/_/_/
 :: Spring Boot ::                (v3.2.4)

2024-04-18T16:19:43.655-05:00  INFO 13076 --- [sfg-jms] [           main] g.s.sfgjms.SfgJmsApplicationTests        : Starting SfgJmsApplicationTests using Java 17.0.10 with PID 13076 (started by BADHIKARI in C:\Users\badhikari\Projects\java\sfg-jms)
2024-04-18T16:19:43.658-05:00  INFO 13076 --- [sfg-jms] [           main] g.s.sfgjms.SfgJmsApplicationTests        : No active profile set, falling back to 1 default profile: "default"
2024-04-18T16:19:46.418-05:00  INFO 13076 --- [sfg-jms] [           main] o.apache.activemq.artemis.core.server    : AMQ221000: live Message Broker is starting with configuration Broker Configuration (clustered=false,journalDirectory=C:\Users\BADHIK~1\AppData\Local\Temp\artemis-data/journal,bindingsDirectory=data/bindings,largeMessagesDirectory=data/largemessages,pagingDirectory=data/paging)
2024-04-18T16:19:46.428-05:00  INFO 13076 --- [sfg-jms] [           main] o.apache.activemq.artemis.core.server    : AMQ221045: libaio is not available, switching the configuration into NIO
2024-04-18T16:19:46.470-05:00  INFO 13076 --- [sfg-jms] [           main] o.apache.activemq.artemis.core.server    : AMQ221057: Global Max Size is being adjusted to 1/2 of the JVM max size (-Xmx). being defined as 2100297728
2024-04-18T16:19:46.499-05:00  INFO 13076 --- [sfg-jms] [           main] o.apache.activemq.artemis.core.server    : AMQ221043: Protocol module found: [artemis-server]. Adding protocol support for: CORE
2024-04-18T16:19:46.542-05:00  INFO 13076 --- [sfg-jms] [           main] org.apache.activemq.audit.base           : AMQ601138: User anonymous@unknown is getting notification info on target resource: null
2024-04-18T16:19:46.543-05:00  INFO 13076 --- [sfg-jms] [           main] org.apache.activemq.audit.base           : AMQ601019: User anonymous@unknown is getting mbean info on target resource: org.apache.activemq.artemis.core.management.impl.ActiveMQServerControlImpl@4fa86cb8
2024-04-18T16:19:46.543-05:00  INFO 13076 --- [sfg-jms] [           main] org.apache.activemq.audit.base           : AMQ601138: User anonymous@unknown is getting notification info on target resource: ActiveMQServerImpl::name=localhost
2024-04-18T16:19:46.560-05:00  INFO 13076 --- [sfg-jms] [           main] o.apache.activemq.artemis.core.server    : AMQ224092: Despite disabled persistence, page files will be persisted.
2024-04-18T16:19:46.575-05:00  INFO 13076 --- [sfg-jms] [           main] o.apache.activemq.artemis.core.server    : AMQ221080: Deploying address DLQ supporting [ANYCAST]
2024-04-18T16:19:46.579-05:00  INFO 13076 --- [sfg-jms] [           main] org.apache.activemq.audit.base           : AMQ601019: User anonymous@unknown is getting mbean info on target resource: org.apache.activemq.artemis.core.management.impl.AddressControlImpl@646427f7
2024-04-18T16:19:46.583-05:00  INFO 13076 --- [sfg-jms] [           main] o.apache.activemq.artemis.core.server    : AMQ221003: Deploying ANYCAST queue DLQ on address DLQ
2024-04-18T16:19:46.698-05:00  INFO 13076 --- [sfg-jms] [           main] org.apache.activemq.audit.base           : AMQ601019: User anonymous@unknown is getting mbean info on target resource: org.apache.activemq.artemis.core.management.impl.QueueControlImpl@12abcd1e
2024-04-18T16:19:46.701-05:00  INFO 13076 --- [sfg-jms] [           main] o.apache.activemq.artemis.core.server    : AMQ221080: Deploying address ExpiryQueue supporting [ANYCAST]
2024-04-18T16:19:46.702-05:00  INFO 13076 --- [sfg-jms] [           main] org.apache.activemq.audit.base           : AMQ601019: User anonymous@unknown is getting mbean info on target resource: org.apache.activemq.artemis.core.management.impl.AddressControlImpl@2fd9fb34
2024-04-18T16:19:46.702-05:00  INFO 13076 --- [sfg-jms] [           main] o.apache.activemq.artemis.core.server    : AMQ221003: Deploying ANYCAST queue ExpiryQueue on address ExpiryQueue
2024-04-18T16:19:46.704-05:00  INFO 13076 --- [sfg-jms] [           main] org.apache.activemq.audit.base           : AMQ601019: User anonymous@unknown is getting mbean info on target resource: org.apache.activemq.artemis.core.management.impl.QueueControlImpl@1595d2b2
2024-04-18T16:19:46.706-05:00  INFO 13076 --- [sfg-jms] [           main] org.apache.activemq.audit.base           : AMQ601019: User anonymous@unknown is getting mbean info on target resource: org.apache.activemq.artemis.core.management.impl.AddressControlImpl@42c12b3e
2024-04-18T16:19:46.789-05:00  INFO 13076 --- [sfg-jms] [           main] org.apache.activemq.audit.base           : AMQ601019: User anonymous@unknown is getting mbean info on target resource: org.apache.activemq.artemis.core.management.impl.AcceptorControlImpl@cbf1997
2024-04-18T16:19:46.798-05:00  INFO 13076 --- [sfg-jms] [           main] o.apache.activemq.artemis.core.server    : AMQ221007: Server is now live
2024-04-18T16:19:46.798-05:00  INFO 13076 --- [sfg-jms] [           main] o.apache.activemq.artemis.core.server    : AMQ221001: Apache ActiveMQ Artemis Message Broker version 2.31.2 [localhost, nodeID=61adfc6a-fdc9-11ee-a19d-f0d415603655] 
2024-04-18T16:19:46.974-05:00  INFO 13076 --- [sfg-jms] [           main] g.s.sfgjms.SfgJmsApplicationTests        : Started SfgJmsApplicationTests in 3.708 seconds (process running for 5.778)
]]></system-out>
  </testcase>
</testsuite>